Build started 23/05/2016 14:34:50.
     1>Project "D:\drive\uni\CT4TOGA\Artefact\week 9 workshop\week 9 workshop\week 9 workshop.vcxproj" on node 2 (Rebuild target(s)).
     1>ClCompile:
         D:\Program Files (x86)\Microsoft Visual Studio 12.0\VC\bin\CL.exe /c /ZI /nologo /W3 /WX- /Od /Oy- /D _MBCS /Gm /EHsc /RTC1 /MDd /GS /fp:precise /Zc:wchar_t /Zc:forScope /Fo"Debug\\" /Fd"Debug\vc120.pdb" /Gd /TP /analyze- /errorReport:prompt bullet.cpp Game.cpp main.cpp player_Tank.cpp powerUps.cpp turret.cpp
         turret.cpp
         powerUps.cpp
         player_Tank.cpp
         main.cpp
         Game.cpp
     1>d:\drive\uni\ct4toga\artefact\week 9 workshop\week 9 workshop\game.cpp(31): warning C4244: '=' : conversion from 'float' to 'time_t', possible loss of data
         bullet.cpp
         Generating Code...
       Link:
         D:\Program Files (x86)\Microsoft Visual Studio 12.0\VC\bin\link.exe /ERRORREPORT:PROMPT /OUT:"D:\drive\uni\CT4TOGA\Artefact\week 9 workshop\Debug\week 9 workshop.exe" /INCREMENTAL /NOLOGO kernel32.lib user32.lib gdi32.lib winspool.lib comdlg32.lib advapi32.lib shell32.lib ole32.lib oleaut32.lib uuid.lib odbc32.lib odbccp32.lib /MANIFEST /MANIFESTUAC:"level='asInvoker' uiAccess='false'" /manifest:embed /DEBUG /PDB:"D:\drive\uni\CT4TOGA\Artefact\week 9 workshop\Debug\week 9 workshop.pdb" /TLBID:1 /DYNAMICBASE /NXCOMPAT /IMPLIB:"D:\drive\uni\CT4TOGA\Artefact\week 9 workshop\Debug\week 9 workshop.lib" /MACHINE:X86 Debug\bullet.obj
         Debug\Game.obj
         Debug\main.obj
         Debug\player_Tank.obj
         Debug\powerUps.obj
         Debug\turret.obj
         week 9 workshop.vcxproj -> D:\drive\uni\CT4TOGA\Artefact\week 9 workshop\Debug\week 9 workshop.exe
     1>Done Building Project "D:\drive\uni\CT4TOGA\Artefact\week 9 workshop\week 9 workshop\week 9 workshop.vcxproj" (Rebuild target(s)).

Build succeeded.

Time Elapsed 00:00:01.57
